[2021-05-24 01:22:21,243] INFO Reading configuration from: config/zookeeper.properties (org.apache.zookeeper.server.quorum.QuorumPeerConfig)
[2021-05-24 01:22:21,245] WARN config/zookeeper.properties is relative. Prepend ./ to indicate that you're sure! (org.apache.zookeeper.server.quorum.QuorumPeerConfig)
[2021-05-24 01:22:21,251] INFO clientPortAddress is 0.0.0.0:2181 (org.apache.zookeeper.server.quorum.QuorumPeerConfig)
[2021-05-24 01:22:21,251] INFO secureClientPortAddress is 0.0.0.0:2182 (org.apache.zookeeper.server.quorum.QuorumPeerConfig)
[2021-05-24 01:22:21,254] INFO Setting -D jdk.tls.rejectClientInitiatedRenegotiation=true to disable client-initiated TLS renegotiation (org.apache.zookeeper.common.X509Util)
[2021-05-24 01:22:21,259] ERROR Invalid configuration, only one server specified (ignoring) (org.apache.zookeeper.server.quorum.QuorumPeerConfig)
[2021-05-24 01:22:21,260] INFO autopurge.snapRetainCount set to 3 (org.apache.zookeeper.server.DatadirCleanupManager)
[2021-05-24 01:22:21,261] INFO autopurge.purgeInterval set to 0 (org.apache.zookeeper.server.DatadirCleanupManager)
[2021-05-24 01:22:21,261] INFO Purge task is not scheduled. (org.apache.zookeeper.server.DatadirCleanupManager)
[2021-05-24 01:22:21,261] WARN Either no config or no quorum defined in config, running  in standalone mode (org.apache.zookeeper.server.quorum.QuorumPeerMain)
[2021-05-24 01:22:21,264] INFO Log4j 1.2 jmx support found and enabled. (org.apache.zookeeper.jmx.ManagedUtil)
[2021-05-24 01:22:21,275] INFO Reading configuration from: config/zookeeper.properties (org.apache.zookeeper.server.quorum.QuorumPeerConfig)
[2021-05-24 01:22:21,275] WARN config/zookeeper.properties is relative. Prepend ./ to indicate that you're sure! (org.apache.zookeeper.server.quorum.QuorumPeerConfig)
[2021-05-24 01:22:21,275] INFO clientPortAddress is 0.0.0.0:2181 (org.apache.zookeeper.server.quorum.QuorumPeerConfig)
[2021-05-24 01:22:21,276] INFO secureClientPortAddress is 0.0.0.0:2182 (org.apache.zookeeper.server.quorum.QuorumPeerConfig)
[2021-05-24 01:22:21,276] ERROR Invalid configuration, only one server specified (ignoring) (org.apache.zookeeper.server.quorum.QuorumPeerConfig)
[2021-05-24 01:22:21,276] INFO Starting server (org.apache.zookeeper.server.ZooKeeperServerMain)
[2021-05-24 01:22:21,279] INFO zookeeper.snapshot.trust.empty : false (org.apache.zookeeper.server.persistence.FileTxnSnapLog)
[2021-05-24 01:22:21,289] INFO Server environment:zookeeper.version=3.5.8-f439ca583e70862c3068a1f2a7d4d068eec33315, built on 05/04/2020 15:53 GMT (org.apache.zookeeper.server.ZooKeeperServer)
[2021-05-24 01:22:21,289] INFO Server environment:host.name=DESKTOP-TSKES8E.localdomain (org.apache.zookeeper.server.ZooKeeperServer)
[2021-05-24 01:22:21,289] INFO Server environment:java.version=1.8.0_282 (org.apache.zookeeper.server.ZooKeeperServer)
[2021-05-24 01:22:21,289] INFO Server environment:java.vendor=Private Build (org.apache.zookeeper.server.ZooKeeperServer)
[2021-05-24 01:22:21,290] INFO Server environment:java.home=/usr/lib/jvm/java-8-openjdk-amd64/jre (org.apache.zookeeper.server.ZooKeeperServer)
[2021-05-24 01:22:21,290] INFO Server environment:java.class.path=/home/seth/kafka_2.13-2.7.0/bin/../libs/activation-1.1.1.jar:/home/seth/kafka_2.13-2.7.0/bin/../libs/aopalliance-repackaged-2.6.1.jar:/home/seth/kafka_2.13-2.7.0/bin/../libs/argparse4j-0.7.0.jar:/home/seth/kafka_2.13-2.7.0/bin/../libs/audience-annotations-0.5.0.jar:/home/seth/kafka_2.13-2.7.0/bin/../libs/commons-cli-1.4.jar:/home/seth/kafka_2.13-2.7.0/bin/../libs/commons-lang3-3.8.1.jar:/home/seth/kafka_2.13-2.7.0/bin/../libs/connect-api-2.7.0.jar:/home/seth/kafka_2.13-2.7.0/bin/../libs/connect-basic-auth-extension-2.7.0.jar:/home/seth/kafka_2.13-2.7.0/bin/../libs/connect-file-2.7.0.jar:/home/seth/kafka_2.13-2.7.0/bin/../libs/connect-json-2.7.0.jar:/home/seth/kafka_2.13-2.7.0/bin/../libs/connect-mirror-2.7.0.jar:/home/seth/kafka_2.13-2.7.0/bin/../libs/connect-mirror-client-2.7.0.jar:/home/seth/kafka_2.13-2.7.0/bin/../libs/connect-runtime-2.7.0.jar:/home/seth/kafka_2.13-2.7.0/bin/../libs/connect-transforms-2.7.0.jar:/home/seth/kafka_2.13-2.7.0/bin/../libs/hk2-api-2.6.1.jar:/home/seth/kafka_2.13-2.7.0/bin/../libs/hk2-locator-2.6.1.jar:/home/seth/kafka_2.13-2.7.0/bin/../libs/hk2-utils-2.6.1.jar:/home/seth/kafka_2.13-2.7.0/bin/../libs/jackson-annotations-2.10.5.jar:/home/seth/kafka_2.13-2.7.0/bin/../libs/jackson-core-2.10.5.jar:/home/seth/kafka_2.13-2.7.0/bin/../libs/jackson-databind-2.10.5.1.jar:/home/seth/kafka_2.13-2.7.0/bin/../libs/jackson-dataformat-csv-2.10.5.jar:/home/seth/kafka_2.13-2.7.0/bin/../libs/jackson-datatype-jdk8-2.10.5.jar:/home/seth/kafka_2.13-2.7.0/bin/../libs/jackson-jaxrs-base-2.10.5.jar:/home/seth/kafka_2.13-2.7.0/bin/../libs/jackson-jaxrs-json-provider-2.10.5.jar:/home/seth/kafka_2.13-2.7.0/bin/../libs/jackson-module-jaxb-annotations-2.10.5.jar:/home/seth/kafka_2.13-2.7.0/bin/../libs/jackson-module-paranamer-2.10.5.jar:/home/seth/kafka_2.13-2.7.0/bin/../libs/jackson-module-scala_2.13-2.10.5.jar:/home/seth/kafka_2.13-2.7.0/bin/../libs/jakarta.activation-api-1.2.1.jar:/home/seth/kafka_2.13-2.7.0/bin/../libs/jakarta.annotation-api-1.3.5.jar:/home/seth/kafka_2.13-2.7.0/bin/../libs/jakarta.inject-2.6.1.jar:/home/seth/kafka_2.13-2.7.0/bin/../libs/jakarta.validation-api-2.0.2.jar:/home/seth/kafka_2.13-2.7.0/bin/../libs/jakarta.ws.rs-api-2.1.6.jar:/home/seth/kafka_2.13-2.7.0/bin/../libs/jakarta.xml.bind-api-2.3.2.jar:/home/seth/kafka_2.13-2.7.0/bin/../libs/javassist-3.25.0-GA.jar:/home/seth/kafka_2.13-2.7.0/bin/../libs/javassist-3.26.0-GA.jar:/home/seth/kafka_2.13-2.7.0/bin/../libs/javax.servlet-api-3.1.0.jar:/home/seth/kafka_2.13-2.7.0/bin/../libs/javax.ws.rs-api-2.1.1.jar:/home/seth/kafka_2.13-2.7.0/bin/../libs/jaxb-api-2.3.0.jar:/home/seth/kafka_2.13-2.7.0/bin/../libs/jersey-client-2.31.jar:/home/seth/kafka_2.13-2.7.0/bin/../libs/jersey-common-2.31.jar:/home/seth/kafka_2.13-2.7.0/bin/../libs/jersey-container-servlet-2.31.jar:/home/seth/kafka_2.13-2.7.0/bin/../libs/jersey-container-servlet-core-2.31.jar:/home/seth/kafka_2.13-2.7.0/bin/../libs/jersey-hk2-2.31.jar:/home/seth/kafka_2.13-2.7.0/bin/../libs/jersey-media-jaxb-2.31.jar:/home/seth/kafka_2.13-2.7.0/bin/../libs/jersey-server-2.31.jar:/home/seth/kafka_2.13-2.7.0/bin/../libs/jetty-client-9.4.33.v20201020.jar:/home/seth/kafka_2.13-2.7.0/bin/../libs/jetty-continuation-9.4.33.v20201020.jar:/home/seth/kafka_2.13-2.7.0/bin/../libs/jetty-http-9.4.33.v20201020.jar:/home/seth/kafka_2.13-2.7.0/bin/../libs/jetty-io-9.4.33.v20201020.jar:/home/seth/kafka_2.13-2.7.0/bin/../libs/jetty-security-9.4.33.v20201020.jar:/home/seth/kafka_2.13-2.7.0/bin/../libs/jetty-server-9.4.33.v20201020.jar:/home/seth/kafka_2.13-2.7.0/bin/../libs/jetty-servlet-9.4.33.v20201020.jar:/home/seth/kafka_2.13-2.7.0/bin/../libs/jetty-servlets-9.4.33.v20201020.jar:/home/seth/kafka_2.13-2.7.0/bin/../libs/jetty-util-9.4.33.v20201020.jar:/home/seth/kafka_2.13-2.7.0/bin/../libs/jopt-simple-5.0.4.jar:/home/seth/kafka_2.13-2.7.0/bin/../libs/kafka-clients-2.7.0.jar:/home/seth/kafka_2.13-2.7.0/bin/../libs/kafka-log4j-appender-2.7.0.jar:/home/seth/kafka_2.13-2.7.0/bin/../libs/kafka-raft-2.7.0.jar:/home/seth/kafka_2.13-2.7.0/bin/../libs/kafka-streams-2.7.0.jar:/home/seth/kafka_2.13-2.7.0/bin/../libs/kafka-streams-examples-2.7.0.jar:/home/seth/kafka_2.13-2.7.0/bin/../libs/kafka-streams-scala_2.13-2.7.0.jar:/home/seth/kafka_2.13-2.7.0/bin/../libs/kafka-streams-test-utils-2.7.0.jar:/home/seth/kafka_2.13-2.7.0/bin/../libs/kafka-tools-2.7.0.jar:/home/seth/kafka_2.13-2.7.0/bin/../libs/kafka_2.13-2.7.0-sources.jar:/home/seth/kafka_2.13-2.7.0/bin/../libs/kafka_2.13-2.7.0.jar:/home/seth/kafka_2.13-2.7.0/bin/../libs/log4j-1.2.17.jar:/home/seth/kafka_2.13-2.7.0/bin/../libs/lz4-java-1.7.1.jar:/home/seth/kafka_2.13-2.7.0/bin/../libs/maven-artifact-3.6.3.jar:/home/seth/kafka_2.13-2.7.0/bin/../libs/metrics-core-2.2.0.jar:/home/seth/kafka_2.13-2.7.0/bin/../libs/netty-buffer-4.1.51.Final.jar:/home/seth/kafka_2.13-2.7.0/bin/../libs/netty-codec-4.1.51.Final.jar:/home/seth/kafka_2.13-2.7.0/bin/../libs/netty-common-4.1.51.Final.jar:/home/seth/kafka_2.13-2.7.0/bin/../libs/netty-handler-4.1.51.Final.jar:/home/seth/kafka_2.13-2.7.0/bin/../libs/netty-resolver-4.1.51.Final.jar:/home/seth/kafka_2.13-2.7.0/bin/../libs/netty-transport-4.1.51.Final.jar:/home/seth/kafka_2.13-2.7.0/bin/../libs/netty-transport-native-epoll-4.1.51.Final.jar:/home/seth/kafka_2.13-2.7.0/bin/../libs/netty-transport-native-unix-common-4.1.51.Final.jar:/home/seth/kafka_2.13-2.7.0/bin/../libs/osgi-resource-locator-1.0.3.jar:/home/seth/kafka_2.13-2.7.0/bin/../libs/paranamer-2.8.jar:/home/seth/kafka_2.13-2.7.0/bin/../libs/plexus-utils-3.2.1.jar:/home/seth/kafka_2.13-2.7.0/bin/../libs/reflections-0.9.12.jar:/home/seth/kafka_2.13-2.7.0/bin/../libs/rocksdbjni-5.18.4.jar:/home/seth/kafka_2.13-2.7.0/bin/../libs/scala-collection-compat_2.13-2.2.0.jar:/home/seth/kafka_2.13-2.7.0/bin/../libs/scala-java8-compat_2.13-0.9.1.jar:/home/seth/kafka_2.13-2.7.0/bin/../libs/scala-library-2.13.3.jar:/home/seth/kafka_2.13-2.7.0/bin/../libs/scala-logging_2.13-3.9.2.jar:/home/seth/kafka_2.13-2.7.0/bin/../libs/scala-reflect-2.13.3.jar:/home/seth/kafka_2.13-2.7.0/bin/../libs/slf4j-api-1.7.30.jar:/home/seth/kafka_2.13-2.7.0/bin/../libs/slf4j-log4j12-1.7.30.jar:/home/seth/kafka_2.13-2.7.0/bin/../libs/snappy-java-1.1.7.7.jar:/home/seth/kafka_2.13-2.7.0/bin/../libs/zookeeper-3.5.8.jar:/home/seth/kafka_2.13-2.7.0/bin/../libs/zookeeper-jute-3.5.8.jar:/home/seth/kafka_2.13-2.7.0/bin/../libs/zstd-jni-1.4.5-6.jar (org.apache.zookeeper.server.ZooKeeperServer)
[2021-05-24 01:22:21,290] INFO Server environment:java.library.path=/usr/java/packages/lib/amd64:/usr/lib/x86_64-linux-gnu/jni:/lib/x86_64-linux-gnu:/usr/lib/x86_64-linux-gnu:/usr/lib/jni:/lib:/usr/lib (org.apache.zookeeper.server.ZooKeeperServer)
[2021-05-24 01:22:21,290] INFO Server environment:java.io.tmpdir=/tmp (org.apache.zookeeper.server.ZooKeeperServer)
[2021-05-24 01:22:21,291] INFO Server environment:java.compiler=<NA> (org.apache.zookeeper.server.ZooKeeperServer)
[2021-05-24 01:22:21,291] INFO Server environment:os.name=Linux (org.apache.zookeeper.server.ZooKeeperServer)
[2021-05-24 01:22:21,291] INFO Server environment:os.arch=amd64 (org.apache.zookeeper.server.ZooKeeperServer)
[2021-05-24 01:22:21,291] INFO Server environment:os.version=4.4.0-19041-Microsoft (org.apache.zookeeper.server.ZooKeeperServer)
[2021-05-24 01:22:21,291] INFO Server environment:user.name=root (org.apache.zookeeper.server.ZooKeeperServer)
[2021-05-24 01:22:21,291] INFO Server environment:user.home=/root (org.apache.zookeeper.server.ZooKeeperServer)
[2021-05-24 01:22:21,291] INFO Server environment:user.dir=/home/seth/kafka_2.13-2.7.0 (org.apache.zookeeper.server.ZooKeeperServer)
[2021-05-24 01:22:21,291] INFO Server environment:os.memory.free=495MB (org.apache.zookeeper.server.ZooKeeperServer)
[2021-05-24 01:22:21,291] INFO Server environment:os.memory.max=512MB (org.apache.zookeeper.server.ZooKeeperServer)
[2021-05-24 01:22:21,291] INFO Server environment:os.memory.total=512MB (org.apache.zookeeper.server.ZooKeeperServer)
[2021-05-24 01:22:21,293] INFO minSessionTimeout set to 6000 (org.apache.zookeeper.server.ZooKeeperServer)
[2021-05-24 01:22:21,293] INFO maxSessionTimeout set to 60000 (org.apache.zookeeper.server.ZooKeeperServer)
[2021-05-24 01:22:21,293] INFO Created server with tickTime 3000 minSessionTimeout 6000 maxSessionTimeout 60000 datadir /home/seth/kafka_2.13-2.7.0/data/zookeeper/version-2 snapdir /home/seth/kafka_2.13-2.7.0/data/zookeeper/version-2 (org.apache.zookeeper.server.ZooKeeperServer)
[2021-05-24 01:22:21,311] INFO Logging initialized @449ms to org.eclipse.jetty.util.log.Slf4jLog (org.eclipse.jetty.util.log)
[2021-05-24 01:22:21,401] WARN o.e.j.s.ServletContextHandler@4b553d26{/,null,STOPPED} contextPath ends with /* (org.eclipse.jetty.server.handler.ContextHandler)
[2021-05-24 01:22:21,402] WARN Empty contextPath (org.eclipse.jetty.server.handler.ContextHandler)
[2021-05-24 01:22:21,410] INFO jetty-9.4.33.v20201020; built: 2020-10-20T23:39:24.803Z; git: 1be68755656cef678b79a2ef1c2ebbca99e25420; jvm 1.8.0_282-8u282-b08-0ubuntu1~20.04-b08 (org.eclipse.jetty.server.Server)
[2021-05-24 01:22:21,433] INFO DefaultSessionIdManager workerName=node0 (org.eclipse.jetty.server.session)
[2021-05-24 01:22:21,433] INFO No SessionScavenger set, using defaults (org.eclipse.jetty.server.session)
[2021-05-24 01:22:21,434] INFO node0 Scavenging every 660000ms (org.eclipse.jetty.server.session)
[2021-05-24 01:22:21,445] INFO Started o.e.j.s.ServletContextHandler@4b553d26{/,null,AVAILABLE} (org.eclipse.jetty.server.handler.ContextHandler)
[2021-05-24 01:22:21,460] INFO Started ServerConnector@3b0143d3{HTTP/1.1, (http/1.1)}{0.0.0.0:9090} (org.eclipse.jetty.server.AbstractConnector)
[2021-05-24 01:22:21,460] INFO Started @598ms (org.eclipse.jetty.server.Server)
[2021-05-24 01:22:21,460] INFO Started AdminServer on address 0.0.0.0, port 9090 and command URL /commands (org.apache.zookeeper.server.admin.JettyAdminServer)
[2021-05-24 01:22:21,501] INFO zookeeper.client.portUnification=false (org.apache.zookeeper.server.NettyServerCnxnFactory)
[2021-05-24 01:22:21,541] INFO Using org.apache.zookeeper.server.NettyServerCnxnFactory as server connection factory (org.apache.zookeeper.server.ServerCnxnFactory)
[2021-05-24 01:22:21,542] INFO binding to port 0.0.0.0/0.0.0.0:2181 (org.apache.zookeeper.server.NettyServerCnxnFactory)
[2021-05-24 01:22:21,588] INFO bound to port 2181 (org.apache.zookeeper.server.NettyServerCnxnFactory)
[2021-05-24 01:22:21,595] INFO zookeeper.snapshotSizeFactor = 0.33 (org.apache.zookeeper.server.ZKDatabase)
[2021-05-24 01:22:21,599] INFO Snapshotting: 0x0 to /home/seth/kafka_2.13-2.7.0/data/zookeeper/version-2/snapshot.0 (org.apache.zookeeper.server.persistence.FileTxnSnapLog)
[2021-05-24 01:22:21,602] INFO Snapshotting: 0x0 to /home/seth/kafka_2.13-2.7.0/data/zookeeper/version-2/snapshot.0 (org.apache.zookeeper.server.persistence.FileTxnSnapLog)
[2021-05-24 01:22:21,614] INFO zookeeper.client.portUnification=false (org.apache.zookeeper.server.NettyServerCnxnFactory)
[2021-05-24 01:22:21,616] INFO Using org.apache.zookeeper.server.NettyServerCnxnFactory as server connection factory (org.apache.zookeeper.server.ServerCnxnFactory)
[2021-05-24 01:22:21,616] INFO binding to port 0.0.0.0/0.0.0.0:2182 (org.apache.zookeeper.server.NettyServerCnxnFactory)
[2021-05-24 01:22:21,617] INFO bound to port 2182 (org.apache.zookeeper.server.NettyServerCnxnFactory)
[2021-05-24 01:22:21,619] INFO Using checkIntervalMs=60000 maxPerMinute=10000 (org.apache.zookeeper.server.ContainerManager)
[2021-05-24 01:22:53,862] INFO Authenticated Id 'CN=localhost,OU=Allweb Company,O=Allweb,L=Kandal,ST=Kandal,C=KD' for Scheme 'x509' (org.apache.zookeeper.server.auth.X509AuthenticationProvider)
[2021-05-24 01:22:53,870] INFO Creating new log file: log.1 (org.apache.zookeeper.server.persistence.FileTxnLog)
[2021-05-24 01:22:55,194] INFO Authenticated Id 'CN=localhost,OU=Allweb Company,O=Allweb,L=Kandal,ST=Kandal,C=KD' for Scheme 'x509' (org.apache.zookeeper.server.auth.X509AuthenticationProvider)
[2021-05-24 01:24:15,673] INFO Authenticated Id 'CN=localhost,OU=Allweb Company,O=Allweb,L=Kandal,ST=Kandal,C=KD' for Scheme 'x509' (org.apache.zookeeper.server.auth.X509AuthenticationProvider)
